{"__type":"$$EventMessageWorkflow","id":"bf6bcfee-a36d-470c-ada3-40c8d30fdcc2","ts":"2025-03-15T13:10:51.129+07:00","eventName":"n8n.workflow.started","message":"n8n.workflow.started","payload":{"executionId":"575","workflowId":"H1owuDGi3X4782Tj","isManual":false,"workflowName":"My workflow"}}
{"__type":"$$EventMessageConfirm","confirm":"bf6bcfee-a36d-470c-ada3-40c8d30fdcc2","ts":"2025-03-15T13:10:51.130+07:00","source":{"id":"0","name":"eventBus"}}
{"__type":"$$EventMessageNode","id":"98bb6486-f18f-4891-b142-c2e62293da59","ts":"2025-03-15T13:10:51.130+07:00","eventName":"n8n.node.started","message":"n8n.node.started","payload":{"workflowId":"H1owuDGi3X4782Tj","workflowName":"My workflow","executionId":"575","nodeType":"n8n-nodes-base.scheduleTrigger","nodeName":"Schedule Trigger1"}}
{"__type":"$$EventMessageConfirm","confirm":"98bb6486-f18f-4891-b142-c2e62293da59","ts":"2025-03-15T13:10:51.130+07:00","source":{"id":"0","name":"eventBus"}}
{"__type":"$$EventMessageNode","id":"68dd66a3-cd18-4f8b-ba75-38a871745c4f","ts":"2025-03-15T13:10:51.132+07:00","eventName":"n8n.node.finished","message":"n8n.node.finished","payload":{"workflowId":"H1owuDGi3X4782Tj","workflowName":"My workflow","executionId":"575","nodeType":"n8n-nodes-base.scheduleTrigger","nodeName":"Schedule Trigger1"}}
{"__type":"$$EventMessageConfirm","confirm":"68dd66a3-cd18-4f8b-ba75-38a871745c4f","ts":"2025-03-15T13:10:51.132+07:00","source":{"id":"0","name":"eventBus"}}
{"__type":"$$EventMessageNode","id":"51f41410-ba54-4350-a7ef-c624d42c7338","ts":"2025-03-15T13:10:51.132+07:00","eventName":"n8n.node.started","message":"n8n.node.started","payload":{"workflowId":"H1owuDGi3X4782Tj","workflowName":"My workflow","executionId":"575","nodeType":"n8n-nodes-base.httpRequest","nodeName":"HTTP Request2"}}
{"__type":"$$EventMessageConfirm","confirm":"51f41410-ba54-4350-a7ef-c624d42c7338","ts":"2025-03-15T13:10:51.132+07:00","source":{"id":"0","name":"eventBus"}}
{"__type":"$$EventMessageNode","id":"3f969c7a-6e4e-4f42-ada5-87e27155687d","ts":"2025-03-15T13:10:51.206+07:00","eventName":"n8n.node.finished","message":"n8n.node.finished","payload":{"workflowId":"H1owuDGi3X4782Tj","workflowName":"My workflow","executionId":"575","nodeType":"n8n-nodes-base.httpRequest","nodeName":"HTTP Request2"}}
{"__type":"$$EventMessageConfirm","confirm":"3f969c7a-6e4e-4f42-ada5-87e27155687d","ts":"2025-03-15T13:10:51.207+07:00","source":{"id":"0","name":"eventBus"}}
{"__type":"$$EventMessageWorkflow","id":"3cf7860e-268c-41fc-9747-2157c4d7cf79","ts":"2025-03-15T13:10:51.208+07:00","eventName":"n8n.workflow.failed","message":"n8n.workflow.failed","payload":{"executionId":"575","success":false,"isManual":false,"workflowId":"H1owuDGi3X4782Tj","workflowName":"My workflow","lastNodeExecuted":"HTTP Request2","errorNodeType":"n8n-nodes-base.httpRequest","errorMessage":"The service refused the connection - perhaps it is offline"}}
{"__type":"$$EventMessageConfirm","confirm":"3cf7860e-268c-41fc-9747-2157c4d7cf79","ts":"2025-03-15T13:10:51.209+07:00","source":{"id":"0","name":"eventBus"}}
{"__type":"$$EventMessageWorkflow","id":"a07bc657-43cb-48a5-8397-10a05b684ad6","ts":"2025-03-15T13:12:51.092+07:00","eventName":"n8n.workflow.started","message":"n8n.workflow.started","payload":{"executionId":"576","workflowId":"H1owuDGi3X4782Tj","isManual":false,"workflowName":"My workflow"}}
{"__type":"$$EventMessageConfirm","confirm":"a07bc657-43cb-48a5-8397-10a05b684ad6","ts":"2025-03-15T13:12:51.092+07:00","source":{"id":"0","name":"eventBus"}}
{"__type":"$$EventMessageNode","id":"a40f6081-d28f-48f7-b040-4f4870b3ffd3","ts":"2025-03-15T13:12:51.093+07:00","eventName":"n8n.node.started","message":"n8n.node.started","payload":{"workflowId":"H1owuDGi3X4782Tj","workflowName":"My workflow","executionId":"576","nodeType":"n8n-nodes-base.scheduleTrigger","nodeName":"Schedule Trigger1"}}
{"__type":"$$EventMessageConfirm","confirm":"a40f6081-d28f-48f7-b040-4f4870b3ffd3","ts":"2025-03-15T13:12:51.093+07:00","source":{"id":"0","name":"eventBus"}}
{"__type":"$$EventMessageNode","id":"fc68e354-44ed-4c11-a7b9-361aa024804b","ts":"2025-03-15T13:12:51.093+07:00","eventName":"n8n.node.finished","message":"n8n.node.finished","payload":{"workflowId":"H1owuDGi3X4782Tj","workflowName":"My workflow","executionId":"576","nodeType":"n8n-nodes-base.scheduleTrigger","nodeName":"Schedule Trigger1"}}
{"__type":"$$EventMessageConfirm","confirm":"fc68e354-44ed-4c11-a7b9-361aa024804b","ts":"2025-03-15T13:12:51.093+07:00","source":{"id":"0","name":"eventBus"}}
{"__type":"$$EventMessageNode","id":"d217eb10-6cde-4dd1-848d-fc6efa3da007","ts":"2025-03-15T13:12:51.093+07:00","eventName":"n8n.node.started","message":"n8n.node.started","payload":{"workflowId":"H1owuDGi3X4782Tj","workflowName":"My workflow","executionId":"576","nodeType":"n8n-nodes-base.httpRequest","nodeName":"HTTP Request2"}}
{"__type":"$$EventMessageConfirm","confirm":"d217eb10-6cde-4dd1-848d-fc6efa3da007","ts":"2025-03-15T13:12:51.093+07:00","source":{"id":"0","name":"eventBus"}}
{"__type":"$$EventMessageNode","id":"8670ff77-4e79-4a5e-95bf-9671f585b1cb","ts":"2025-03-15T13:12:51.101+07:00","eventName":"n8n.node.finished","message":"n8n.node.finished","payload":{"workflowId":"H1owuDGi3X4782Tj","workflowName":"My workflow","executionId":"576","nodeType":"n8n-nodes-base.httpRequest","nodeName":"HTTP Request2"}}
{"__type":"$$EventMessageConfirm","confirm":"8670ff77-4e79-4a5e-95bf-9671f585b1cb","ts":"2025-03-15T13:12:51.101+07:00","source":{"id":"0","name":"eventBus"}}
{"__type":"$$EventMessageWorkflow","id":"c3e11a13-fb84-4de5-adae-b096f697dd35","ts":"2025-03-15T13:12:51.101+07:00","eventName":"n8n.workflow.failed","message":"n8n.workflow.failed","payload":{"executionId":"576","success":false,"isManual":false,"workflowId":"H1owuDGi3X4782Tj","workflowName":"My workflow","lastNodeExecuted":"HTTP Request2","errorNodeType":"n8n-nodes-base.httpRequest","errorMessage":"The service refused the connection - perhaps it is offline"}}
{"__type":"$$EventMessageConfirm","confirm":"c3e11a13-fb84-4de5-adae-b096f697dd35","ts":"2025-03-15T13:12:51.101+07:00","source":{"id":"0","name":"eventBus"}}
{"__type":"$$EventMessageWorkflow","id":"d1c64412-0bb0-4681-9ed3-714e91dc560e","ts":"2025-03-15T13:14:51.078+07:00","eventName":"n8n.workflow.started","message":"n8n.workflow.started","payload":{"executionId":"577","workflowId":"H1owuDGi3X4782Tj","isManual":false,"workflowName":"My workflow"}}
{"__type":"$$EventMessageConfirm","confirm":"d1c64412-0bb0-4681-9ed3-714e91dc560e","ts":"2025-03-15T13:14:51.078+07:00","source":{"id":"0","name":"eventBus"}}
{"__type":"$$EventMessageNode","id":"1f4a8ac8-b1c9-4297-bfe6-d0c9bb2f8639","ts":"2025-03-15T13:14:51.078+07:00","eventName":"n8n.node.started","message":"n8n.node.started","payload":{"workflowId":"H1owuDGi3X4782Tj","workflowName":"My workflow","executionId":"577","nodeType":"n8n-nodes-base.scheduleTrigger","nodeName":"Schedule Trigger1"}}
{"__type":"$$EventMessageConfirm","confirm":"1f4a8ac8-b1c9-4297-bfe6-d0c9bb2f8639","ts":"2025-03-15T13:14:51.078+07:00","source":{"id":"0","name":"eventBus"}}
{"__type":"$$EventMessageNode","id":"09b96ea0-0078-4f25-aa1f-4b4d0e93cc0b","ts":"2025-03-15T13:14:51.078+07:00","eventName":"n8n.node.finished","message":"n8n.node.finished","payload":{"workflowId":"H1owuDGi3X4782Tj","workflowName":"My workflow","executionId":"577","nodeType":"n8n-nodes-base.scheduleTrigger","nodeName":"Schedule Trigger1"}}
{"__type":"$$EventMessageConfirm","confirm":"09b96ea0-0078-4f25-aa1f-4b4d0e93cc0b","ts":"2025-03-15T13:14:51.078+07:00","source":{"id":"0","name":"eventBus"}}
{"__type":"$$EventMessageNode","id":"1ca47acc-1d01-4d7e-a023-ec55628e1042","ts":"2025-03-15T13:14:51.078+07:00","eventName":"n8n.node.started","message":"n8n.node.started","payload":{"workflowId":"H1owuDGi3X4782Tj","workflowName":"My workflow","executionId":"577","nodeType":"n8n-nodes-base.httpRequest","nodeName":"HTTP Request2"}}
{"__type":"$$EventMessageConfirm","confirm":"1ca47acc-1d01-4d7e-a023-ec55628e1042","ts":"2025-03-15T13:14:51.078+07:00","source":{"id":"0","name":"eventBus"}}
{"__type":"$$EventMessageNode","id":"739889fe-e59b-4961-a21c-9bba45528373","ts":"2025-03-15T13:14:51.086+07:00","eventName":"n8n.node.finished","message":"n8n.node.finished","payload":{"workflowId":"H1owuDGi3X4782Tj","workflowName":"My workflow","executionId":"577","nodeType":"n8n-nodes-base.httpRequest","nodeName":"HTTP Request2"}}
{"__type":"$$EventMessageConfirm","confirm":"739889fe-e59b-4961-a21c-9bba45528373","ts":"2025-03-15T13:14:51.086+07:00","source":{"id":"0","name":"eventBus"}}
{"__type":"$$EventMessageWorkflow","id":"ac2e75a5-cc2b-477c-95ef-5b3290e084cb","ts":"2025-03-15T13:14:51.086+07:00","eventName":"n8n.workflow.failed","message":"n8n.workflow.failed","payload":{"executionId":"577","success":false,"isManual":false,"workflowId":"H1owuDGi3X4782Tj","workflowName":"My workflow","lastNodeExecuted":"HTTP Request2","errorNodeType":"n8n-nodes-base.httpRequest","errorMessage":"The service refused the connection - perhaps it is offline"}}
{"__type":"$$EventMessageConfirm","confirm":"ac2e75a5-cc2b-477c-95ef-5b3290e084cb","ts":"2025-03-15T13:14:51.086+07:00","source":{"id":"0","name":"eventBus"}}
{"__type":"$$EventMessageWorkflow","id":"6066fc63-5967-4858-9012-281e099bbc35","ts":"2025-03-15T13:16:51.279+07:00","eventName":"n8n.workflow.started","message":"n8n.workflow.started","payload":{"executionId":"578","workflowId":"H1owuDGi3X4782Tj","isManual":false,"workflowName":"My workflow"}}
{"__type":"$$EventMessageConfirm","confirm":"6066fc63-5967-4858-9012-281e099bbc35","ts":"2025-03-15T13:16:51.279+07:00","source":{"id":"0","name":"eventBus"}}
{"__type":"$$EventMessageNode","id":"aa6a1a38-c8ca-4fea-82e8-ac8c927e1e7b","ts":"2025-03-15T13:16:51.279+07:00","eventName":"n8n.node.started","message":"n8n.node.started","payload":{"workflowId":"H1owuDGi3X4782Tj","workflowName":"My workflow","executionId":"578","nodeType":"n8n-nodes-base.scheduleTrigger","nodeName":"Schedule Trigger1"}}
{"__type":"$$EventMessageConfirm","confirm":"aa6a1a38-c8ca-4fea-82e8-ac8c927e1e7b","ts":"2025-03-15T13:16:51.280+07:00","source":{"id":"0","name":"eventBus"}}
{"__type":"$$EventMessageNode","id":"14b74d8f-00bb-46bc-8eba-5a9e64df5a0a","ts":"2025-03-15T13:16:51.280+07:00","eventName":"n8n.node.finished","message":"n8n.node.finished","payload":{"workflowId":"H1owuDGi3X4782Tj","workflowName":"My workflow","executionId":"578","nodeType":"n8n-nodes-base.scheduleTrigger","nodeName":"Schedule Trigger1"}}
{"__type":"$$EventMessageConfirm","confirm":"14b74d8f-00bb-46bc-8eba-5a9e64df5a0a","ts":"2025-03-15T13:16:51.280+07:00","source":{"id":"0","name":"eventBus"}}
{"__type":"$$EventMessageNode","id":"2caa0856-667b-409c-9fd2-841ab78c2f06","ts":"2025-03-15T13:16:51.280+07:00","eventName":"n8n.node.started","message":"n8n.node.started","payload":{"workflowId":"H1owuDGi3X4782Tj","workflowName":"My workflow","executionId":"578","nodeType":"n8n-nodes-base.httpRequest","nodeName":"HTTP Request2"}}
{"__type":"$$EventMessageConfirm","confirm":"2caa0856-667b-409c-9fd2-841ab78c2f06","ts":"2025-03-15T13:16:51.280+07:00","source":{"id":"0","name":"eventBus"}}
{"__type":"$$EventMessageNode","id":"329a7cec-2793-408a-9c9e-c1d6cf87011e","ts":"2025-03-15T13:16:51.333+07:00","eventName":"n8n.node.finished","message":"n8n.node.finished","payload":{"workflowId":"H1owuDGi3X4782Tj","workflowName":"My workflow","executionId":"578","nodeType":"n8n-nodes-base.httpRequest","nodeName":"HTTP Request2"}}
{"__type":"$$EventMessageConfirm","confirm":"329a7cec-2793-408a-9c9e-c1d6cf87011e","ts":"2025-03-15T13:16:51.333+07:00","source":{"id":"0","name":"eventBus"}}
{"__type":"$$EventMessageWorkflow","id":"9a167758-b62f-44e5-8406-57c173ca45a1","ts":"2025-03-15T13:16:51.333+07:00","eventName":"n8n.workflow.failed","message":"n8n.workflow.failed","payload":{"executionId":"578","success":false,"isManual":false,"workflowId":"H1owuDGi3X4782Tj","workflowName":"My workflow","lastNodeExecuted":"HTTP Request2","errorNodeType":"n8n-nodes-base.httpRequest","errorMessage":"The service refused the connection - perhaps it is offline"}}
{"__type":"$$EventMessageConfirm","confirm":"9a167758-b62f-44e5-8406-57c173ca45a1","ts":"2025-03-15T13:16:51.333+07:00","source":{"id":"0","name":"eventBus"}}
{"__type":"$$EventMessageWorkflow","id":"97a04aa1-bbff-4a23-bd08-405b36479348","ts":"2025-03-15T13:18:51.083+07:00","eventName":"n8n.workflow.started","message":"n8n.workflow.started","payload":{"executionId":"579","workflowId":"H1owuDGi3X4782Tj","isManual":false,"workflowName":"My workflow"}}
{"__type":"$$EventMessageConfirm","confirm":"97a04aa1-bbff-4a23-bd08-405b36479348","ts":"2025-03-15T13:18:51.083+07:00","source":{"id":"0","name":"eventBus"}}
{"__type":"$$EventMessageNode","id":"7726c30a-58d4-4ccc-b04e-7bde794182af","ts":"2025-03-15T13:18:51.083+07:00","eventName":"n8n.node.started","message":"n8n.node.started","payload":{"workflowId":"H1owuDGi3X4782Tj","workflowName":"My workflow","executionId":"579","nodeType":"n8n-nodes-base.scheduleTrigger","nodeName":"Schedule Trigger1"}}
{"__type":"$$EventMessageConfirm","confirm":"7726c30a-58d4-4ccc-b04e-7bde794182af","ts":"2025-03-15T13:18:51.083+07:00","source":{"id":"0","name":"eventBus"}}
{"__type":"$$EventMessageNode","id":"104fa989-6120-4578-af47-aa0045ed5359","ts":"2025-03-15T13:18:51.083+07:00","eventName":"n8n.node.finished","message":"n8n.node.finished","payload":{"workflowId":"H1owuDGi3X4782Tj","workflowName":"My workflow","executionId":"579","nodeType":"n8n-nodes-base.scheduleTrigger","nodeName":"Schedule Trigger1"}}
{"__type":"$$EventMessageConfirm","confirm":"104fa989-6120-4578-af47-aa0045ed5359","ts":"2025-03-15T13:18:51.083+07:00","source":{"id":"0","name":"eventBus"}}
{"__type":"$$EventMessageNode","id":"9999188e-2ba3-454c-8749-f13e0f8b2fc5","ts":"2025-03-15T13:18:51.084+07:00","eventName":"n8n.node.started","message":"n8n.node.started","payload":{"workflowId":"H1owuDGi3X4782Tj","workflowName":"My workflow","executionId":"579","nodeType":"n8n-nodes-base.httpRequest","nodeName":"HTTP Request2"}}
{"__type":"$$EventMessageConfirm","confirm":"9999188e-2ba3-454c-8749-f13e0f8b2fc5","ts":"2025-03-15T13:18:51.084+07:00","source":{"id":"0","name":"eventBus"}}
{"__type":"$$EventMessageNode","id":"052ee584-60c4-4221-8a7a-1be4784a5c02","ts":"2025-03-15T13:18:51.355+07:00","eventName":"n8n.node.finished","message":"n8n.node.finished","payload":{"workflowId":"H1owuDGi3X4782Tj","workflowName":"My workflow","executionId":"579","nodeType":"n8n-nodes-base.httpRequest","nodeName":"HTTP Request2"}}
{"__type":"$$EventMessageConfirm","confirm":"052ee584-60c4-4221-8a7a-1be4784a5c02","ts":"2025-03-15T13:18:51.355+07:00","source":{"id":"0","name":"eventBus"}}
{"__type":"$$EventMessageWorkflow","id":"af05640d-fd5b-4d31-b3b3-3a8702cb1b88","ts":"2025-03-15T13:18:51.355+07:00","eventName":"n8n.workflow.failed","message":"n8n.workflow.failed","payload":{"executionId":"579","success":false,"isManual":false,"workflowId":"H1owuDGi3X4782Tj","workflowName":"My workflow","lastNodeExecuted":"HTTP Request2","errorMessage":"Cannot read properties of undefined (reading 'data')"}}
{"__type":"$$EventMessageConfirm","confirm":"af05640d-fd5b-4d31-b3b3-3a8702cb1b88","ts":"2025-03-15T13:18:51.355+07:00","source":{"id":"0","name":"eventBus"}}
{"__type":"$$EventMessageWorkflow","id":"4e90e967-aea9-4eaa-9565-0577ce0d4c83","ts":"2025-03-15T13:20:51.090+07:00","eventName":"n8n.workflow.started","message":"n8n.workflow.started","payload":{"executionId":"580","workflowId":"H1owuDGi3X4782Tj","isManual":false,"workflowName":"My workflow"}}
{"__type":"$$EventMessageConfirm","confirm":"4e90e967-aea9-4eaa-9565-0577ce0d4c83","ts":"2025-03-15T13:20:51.091+07:00","source":{"id":"0","name":"eventBus"}}
{"__type":"$$EventMessageNode","id":"08384a6a-8a6e-4898-b7ca-7cfce8c38eba","ts":"2025-03-15T13:20:51.091+07:00","eventName":"n8n.node.started","message":"n8n.node.started","payload":{"workflowId":"H1owuDGi3X4782Tj","workflowName":"My workflow","executionId":"580","nodeType":"n8n-nodes-base.scheduleTrigger","nodeName":"Schedule Trigger1"}}
{"__type":"$$EventMessageConfirm","confirm":"08384a6a-8a6e-4898-b7ca-7cfce8c38eba","ts":"2025-03-15T13:20:51.091+07:00","source":{"id":"0","name":"eventBus"}}
{"__type":"$$EventMessageNode","id":"70c79c4f-921d-4e39-b2bf-cd77d6b95571","ts":"2025-03-15T13:20:51.091+07:00","eventName":"n8n.node.finished","message":"n8n.node.finished","payload":{"workflowId":"H1owuDGi3X4782Tj","workflowName":"My workflow","executionId":"580","nodeType":"n8n-nodes-base.scheduleTrigger","nodeName":"Schedule Trigger1"}}
{"__type":"$$EventMessageConfirm","confirm":"70c79c4f-921d-4e39-b2bf-cd77d6b95571","ts":"2025-03-15T13:20:51.091+07:00","source":{"id":"0","name":"eventBus"}}
{"__type":"$$EventMessageNode","id":"905eb84b-4152-4d2d-a704-d3159cef968c","ts":"2025-03-15T13:20:51.091+07:00","eventName":"n8n.node.started","message":"n8n.node.started","payload":{"workflowId":"H1owuDGi3X4782Tj","workflowName":"My workflow","executionId":"580","nodeType":"n8n-nodes-base.httpRequest","nodeName":"HTTP Request2"}}
{"__type":"$$EventMessageConfirm","confirm":"905eb84b-4152-4d2d-a704-d3159cef968c","ts":"2025-03-15T13:20:51.091+07:00","source":{"id":"0","name":"eventBus"}}
{"__type":"$$EventMessageNode","id":"b8da0686-1a49-4294-95cd-04fef095330a","ts":"2025-03-15T13:20:51.104+07:00","eventName":"n8n.node.finished","message":"n8n.node.finished","payload":{"workflowId":"H1owuDGi3X4782Tj","workflowName":"My workflow","executionId":"580","nodeType":"n8n-nodes-base.httpRequest","nodeName":"HTTP Request2"}}
{"__type":"$$EventMessageConfirm","confirm":"b8da0686-1a49-4294-95cd-04fef095330a","ts":"2025-03-15T13:20:51.104+07:00","source":{"id":"0","name":"eventBus"}}
{"__type":"$$EventMessageWorkflow","id":"107c6bea-7a1d-4d24-a012-0e638a81f6f0","ts":"2025-03-15T13:20:51.104+07:00","eventName":"n8n.workflow.failed","message":"n8n.workflow.failed","payload":{"executionId":"580","success":false,"isManual":false,"workflowId":"H1owuDGi3X4782Tj","workflowName":"My workflow","lastNodeExecuted":"HTTP Request2","errorMessage":"Cannot read properties of undefined (reading 'data')"}}
{"__type":"$$EventMessageConfirm","confirm":"107c6bea-7a1d-4d24-a012-0e638a81f6f0","ts":"2025-03-15T13:20:51.104+07:00","source":{"id":"0","name":"eventBus"}}
{"__type":"$$EventMessageWorkflow","id":"613e1508-42b6-4236-8c0e-fae01d70216f","ts":"2025-03-15T13:22:51.096+07:00","eventName":"n8n.workflow.started","message":"n8n.workflow.started","payload":{"executionId":"581","workflowId":"H1owuDGi3X4782Tj","isManual":false,"workflowName":"My workflow"}}
{"__type":"$$EventMessageConfirm","confirm":"613e1508-42b6-4236-8c0e-fae01d70216f","ts":"2025-03-15T13:22:51.097+07:00","source":{"id":"0","name":"eventBus"}}
{"__type":"$$EventMessageNode","id":"d3862740-3a2e-4877-8477-ec45265ef3b8","ts":"2025-03-15T13:22:51.097+07:00","eventName":"n8n.node.started","message":"n8n.node.started","payload":{"workflowId":"H1owuDGi3X4782Tj","workflowName":"My workflow","executionId":"581","nodeType":"n8n-nodes-base.scheduleTrigger","nodeName":"Schedule Trigger1"}}
{"__type":"$$EventMessageConfirm","confirm":"d3862740-3a2e-4877-8477-ec45265ef3b8","ts":"2025-03-15T13:22:51.097+07:00","source":{"id":"0","name":"eventBus"}}
{"__type":"$$EventMessageNode","id":"27b7ceb0-51d4-4966-be88-36ea2ffe8e6e","ts":"2025-03-15T13:22:51.097+07:00","eventName":"n8n.node.finished","message":"n8n.node.finished","payload":{"workflowId":"H1owuDGi3X4782Tj","workflowName":"My workflow","executionId":"581","nodeType":"n8n-nodes-base.scheduleTrigger","nodeName":"Schedule Trigger1"}}
{"__type":"$$EventMessageConfirm","confirm":"27b7ceb0-51d4-4966-be88-36ea2ffe8e6e","ts":"2025-03-15T13:22:51.097+07:00","source":{"id":"0","name":"eventBus"}}
{"__type":"$$EventMessageNode","id":"a46e1295-e839-4c6f-85aa-5271689a8a2c","ts":"2025-03-15T13:22:51.097+07:00","eventName":"n8n.node.started","message":"n8n.node.started","payload":{"workflowId":"H1owuDGi3X4782Tj","workflowName":"My workflow","executionId":"581","nodeType":"n8n-nodes-base.httpRequest","nodeName":"HTTP Request2"}}
{"__type":"$$EventMessageConfirm","confirm":"a46e1295-e839-4c6f-85aa-5271689a8a2c","ts":"2025-03-15T13:22:51.097+07:00","source":{"id":"0","name":"eventBus"}}
{"__type":"$$EventMessageNode","id":"a94e7ad0-bd20-412a-a551-365fce2e9518","ts":"2025-03-15T13:22:51.112+07:00","eventName":"n8n.node.finished","message":"n8n.node.finished","payload":{"workflowId":"H1owuDGi3X4782Tj","workflowName":"My workflow","executionId":"581","nodeType":"n8n-nodes-base.httpRequest","nodeName":"HTTP Request2"}}
{"__type":"$$EventMessageConfirm","confirm":"a94e7ad0-bd20-412a-a551-365fce2e9518","ts":"2025-03-15T13:22:51.112+07:00","source":{"id":"0","name":"eventBus"}}
{"__type":"$$EventMessageWorkflow","id":"9f23e123-bf19-4043-8363-cc06aba4d3b5","ts":"2025-03-15T13:22:51.112+07:00","eventName":"n8n.workflow.failed","message":"n8n.workflow.failed","payload":{"executionId":"581","success":false,"isManual":false,"workflowId":"H1owuDGi3X4782Tj","workflowName":"My workflow","lastNodeExecuted":"HTTP Request2","errorMessage":"Cannot read properties of undefined (reading 'data')"}}
{"__type":"$$EventMessageConfirm","confirm":"9f23e123-bf19-4043-8363-cc06aba4d3b5","ts":"2025-03-15T13:22:51.112+07:00","source":{"id":"0","name":"eventBus"}}
{"__type":"$$EventMessageWorkflow","id":"872a7bf2-a130-4afa-9578-b24bed32315e","ts":"2025-03-15T13:24:51.078+07:00","eventName":"n8n.workflow.started","message":"n8n.workflow.started","payload":{"executionId":"582","workflowId":"H1owuDGi3X4782Tj","isManual":false,"workflowName":"My workflow"}}
{"__type":"$$EventMessageConfirm","confirm":"872a7bf2-a130-4afa-9578-b24bed32315e","ts":"2025-03-15T13:24:51.078+07:00","source":{"id":"0","name":"eventBus"}}
{"__type":"$$EventMessageNode","id":"3c2150d0-dfe0-41bc-9c0e-f86f62c1d643","ts":"2025-03-15T13:24:51.078+07:00","eventName":"n8n.node.started","message":"n8n.node.started","payload":{"workflowId":"H1owuDGi3X4782Tj","workflowName":"My workflow","executionId":"582","nodeType":"n8n-nodes-base.scheduleTrigger","nodeName":"Schedule Trigger1"}}
{"__type":"$$EventMessageConfirm","confirm":"3c2150d0-dfe0-41bc-9c0e-f86f62c1d643","ts":"2025-03-15T13:24:51.078+07:00","source":{"id":"0","name":"eventBus"}}
{"__type":"$$EventMessageNode","id":"95990e6b-ce5a-4c2e-9207-faf8c3742009","ts":"2025-03-15T13:24:51.078+07:00","eventName":"n8n.node.finished","message":"n8n.node.finished","payload":{"workflowId":"H1owuDGi3X4782Tj","workflowName":"My workflow","executionId":"582","nodeType":"n8n-nodes-base.scheduleTrigger","nodeName":"Schedule Trigger1"}}
{"__type":"$$EventMessageConfirm","confirm":"95990e6b-ce5a-4c2e-9207-faf8c3742009","ts":"2025-03-15T13:24:51.078+07:00","source":{"id":"0","name":"eventBus"}}
{"__type":"$$EventMessageNode","id":"eca44582-2457-4301-aa51-54548db3c6ec","ts":"2025-03-15T13:24:51.078+07:00","eventName":"n8n.node.started","message":"n8n.node.started","payload":{"workflowId":"H1owuDGi3X4782Tj","workflowName":"My workflow","executionId":"582","nodeType":"n8n-nodes-base.httpRequest","nodeName":"HTTP Request2"}}
{"__type":"$$EventMessageConfirm","confirm":"eca44582-2457-4301-aa51-54548db3c6ec","ts":"2025-03-15T13:24:51.078+07:00","source":{"id":"0","name":"eventBus"}}
{"__type":"$$EventMessageNode","id":"9fff68a1-df73-4bee-9f06-d61d30110357","ts":"2025-03-15T13:24:51.090+07:00","eventName":"n8n.node.finished","message":"n8n.node.finished","payload":{"workflowId":"H1owuDGi3X4782Tj","workflowName":"My workflow","executionId":"582","nodeType":"n8n-nodes-base.httpRequest","nodeName":"HTTP Request2"}}
{"__type":"$$EventMessageConfirm","confirm":"9fff68a1-df73-4bee-9f06-d61d30110357","ts":"2025-03-15T13:24:51.090+07:00","source":{"id":"0","name":"eventBus"}}
{"__type":"$$EventMessageWorkflow","id":"91b634de-5427-4c15-aaad-301e903e74e3","ts":"2025-03-15T13:24:51.090+07:00","eventName":"n8n.workflow.failed","message":"n8n.workflow.failed","payload":{"executionId":"582","success":false,"isManual":false,"workflowId":"H1owuDGi3X4782Tj","workflowName":"My workflow","lastNodeExecuted":"HTTP Request2","errorMessage":"Cannot read properties of undefined (reading 'data')"}}
{"__type":"$$EventMessageConfirm","confirm":"91b634de-5427-4c15-aaad-301e903e74e3","ts":"2025-03-15T13:24:51.090+07:00","source":{"id":"0","name":"eventBus"}}
{"__type":"$$EventMessageWorkflow","id":"ec4fbdec-a005-4f24-813e-eeedb6a61900","ts":"2025-03-15T13:26:51.043+07:00","eventName":"n8n.workflow.started","message":"n8n.workflow.started","payload":{"executionId":"583","workflowId":"H1owuDGi3X4782Tj","isManual":false,"workflowName":"My workflow"}}
{"__type":"$$EventMessageConfirm","confirm":"ec4fbdec-a005-4f24-813e-eeedb6a61900","ts":"2025-03-15T13:26:51.043+07:00","source":{"id":"0","name":"eventBus"}}
{"__type":"$$EventMessageNode","id":"9c9acdac-9e16-41d4-b4c7-b401c4b3c669","ts":"2025-03-15T13:26:51.043+07:00","eventName":"n8n.node.started","message":"n8n.node.started","payload":{"workflowId":"H1owuDGi3X4782Tj","workflowName":"My workflow","executionId":"583","nodeType":"n8n-nodes-base.scheduleTrigger","nodeName":"Schedule Trigger1"}}
{"__type":"$$EventMessageConfirm","confirm":"9c9acdac-9e16-41d4-b4c7-b401c4b3c669","ts":"2025-03-15T13:26:51.043+07:00","source":{"id":"0","name":"eventBus"}}
{"__type":"$$EventMessageNode","id":"085d6a1c-0a17-43ef-a604-de2309f36e99","ts":"2025-03-15T13:26:51.043+07:00","eventName":"n8n.node.finished","message":"n8n.node.finished","payload":{"workflowId":"H1owuDGi3X4782Tj","workflowName":"My workflow","executionId":"583","nodeType":"n8n-nodes-base.scheduleTrigger","nodeName":"Schedule Trigger1"}}
{"__type":"$$EventMessageConfirm","confirm":"085d6a1c-0a17-43ef-a604-de2309f36e99","ts":"2025-03-15T13:26:51.043+07:00","source":{"id":"0","name":"eventBus"}}
{"__type":"$$EventMessageNode","id":"390eb99b-59fc-48bb-98ae-43c0843f4f7a","ts":"2025-03-15T13:26:51.043+07:00","eventName":"n8n.node.started","message":"n8n.node.started","payload":{"workflowId":"H1owuDGi3X4782Tj","workflowName":"My workflow","executionId":"583","nodeType":"n8n-nodes-base.httpRequest","nodeName":"HTTP Request2"}}
{"__type":"$$EventMessageConfirm","confirm":"390eb99b-59fc-48bb-98ae-43c0843f4f7a","ts":"2025-03-15T13:26:51.043+07:00","source":{"id":"0","name":"eventBus"}}
{"__type":"$$EventMessageNode","id":"348d8d03-c708-4182-9a8a-070e080382ed","ts":"2025-03-15T13:26:51.058+07:00","eventName":"n8n.node.finished","message":"n8n.node.finished","payload":{"workflowId":"H1owuDGi3X4782Tj","workflowName":"My workflow","executionId":"583","nodeType":"n8n-nodes-base.httpRequest","nodeName":"HTTP Request2"}}
{"__type":"$$EventMessageConfirm","confirm":"348d8d03-c708-4182-9a8a-070e080382ed","ts":"2025-03-15T13:26:51.058+07:00","source":{"id":"0","name":"eventBus"}}
{"__type":"$$EventMessageWorkflow","id":"464e4f56-b548-405b-b6c9-67d360c9f640","ts":"2025-03-15T13:26:51.058+07:00","eventName":"n8n.workflow.failed","message":"n8n.workflow.failed","payload":{"executionId":"583","success":false,"isManual":false,"workflowId":"H1owuDGi3X4782Tj","workflowName":"My workflow","lastNodeExecuted":"HTTP Request2","errorMessage":"Cannot read properties of undefined (reading 'data')"}}
{"__type":"$$EventMessageConfirm","confirm":"464e4f56-b548-405b-b6c9-67d360c9f640","ts":"2025-03-15T13:26:51.058+07:00","source":{"id":"0","name":"eventBus"}}
{"__type":"$$EventMessageWorkflow","id":"42424c3e-3a74-420d-bb78-19165c6774dd","ts":"2025-03-15T13:28:51.043+07:00","eventName":"n8n.workflow.started","message":"n8n.workflow.started","payload":{"executionId":"584","workflowId":"H1owuDGi3X4782Tj","isManual":false,"workflowName":"My workflow"}}
{"__type":"$$EventMessageConfirm","confirm":"42424c3e-3a74-420d-bb78-19165c6774dd","ts":"2025-03-15T13:28:51.043+07:00","source":{"id":"0","name":"eventBus"}}
{"__type":"$$EventMessageNode","id":"43e61e43-e0ba-499e-8edd-cc63af45d35b","ts":"2025-03-15T13:28:51.043+07:00","eventName":"n8n.node.started","message":"n8n.node.started","payload":{"workflowId":"H1owuDGi3X4782Tj","workflowName":"My workflow","executionId":"584","nodeType":"n8n-nodes-base.scheduleTrigger","nodeName":"Schedule Trigger1"}}
{"__type":"$$EventMessageConfirm","confirm":"43e61e43-e0ba-499e-8edd-cc63af45d35b","ts":"2025-03-15T13:28:51.043+07:00","source":{"id":"0","name":"eventBus"}}
{"__type":"$$EventMessageNode","id":"fccb8ff6-c497-4782-a49e-37dd17719bf3","ts":"2025-03-15T13:28:51.043+07:00","eventName":"n8n.node.finished","message":"n8n.node.finished","payload":{"workflowId":"H1owuDGi3X4782Tj","workflowName":"My workflow","executionId":"584","nodeType":"n8n-nodes-base.scheduleTrigger","nodeName":"Schedule Trigger1"}}
{"__type":"$$EventMessageConfirm","confirm":"fccb8ff6-c497-4782-a49e-37dd17719bf3","ts":"2025-03-15T13:28:51.043+07:00","source":{"id":"0","name":"eventBus"}}
{"__type":"$$EventMessageNode","id":"b54f5215-cdbf-49eb-8b25-0ed469b373c4","ts":"2025-03-15T13:28:51.043+07:00","eventName":"n8n.node.started","message":"n8n.node.started","payload":{"workflowId":"H1owuDGi3X4782Tj","workflowName":"My workflow","executionId":"584","nodeType":"n8n-nodes-base.httpRequest","nodeName":"HTTP Request2"}}
{"__type":"$$EventMessageConfirm","confirm":"b54f5215-cdbf-49eb-8b25-0ed469b373c4","ts":"2025-03-15T13:28:51.043+07:00","source":{"id":"0","name":"eventBus"}}
{"__type":"$$EventMessageNode","id":"1bca7d33-bd1b-434f-946d-45acf18e4d0e","ts":"2025-03-15T13:28:51.057+07:00","eventName":"n8n.node.finished","message":"n8n.node.finished","payload":{"workflowId":"H1owuDGi3X4782Tj","workflowName":"My workflow","executionId":"584","nodeType":"n8n-nodes-base.httpRequest","nodeName":"HTTP Request2"}}
{"__type":"$$EventMessageConfirm","confirm":"1bca7d33-bd1b-434f-946d-45acf18e4d0e","ts":"2025-03-15T13:28:51.057+07:00","source":{"id":"0","name":"eventBus"}}
{"__type":"$$EventMessageWorkflow","id":"2259c627-81e3-42cb-92bb-48f3e30874f5","ts":"2025-03-15T13:28:51.057+07:00","eventName":"n8n.workflow.failed","message":"n8n.workflow.failed","payload":{"executionId":"584","success":false,"isManual":false,"workflowId":"H1owuDGi3X4782Tj","workflowName":"My workflow","lastNodeExecuted":"HTTP Request2","errorMessage":"Cannot read properties of undefined (reading 'data')"}}
{"__type":"$$EventMessageConfirm","confirm":"2259c627-81e3-42cb-92bb-48f3e30874f5","ts":"2025-03-15T13:28:51.057+07:00","source":{"id":"0","name":"eventBus"}}
{"__type":"$$EventMessageWorkflow","id":"71eec9e1-3c46-4a20-89de-eee32bb84b27","ts":"2025-03-15T13:30:51.097+07:00","eventName":"n8n.workflow.started","message":"n8n.workflow.started","payload":{"executionId":"585","workflowId":"H1owuDGi3X4782Tj","isManual":false,"workflowName":"My workflow"}}
{"__type":"$$EventMessageConfirm","confirm":"71eec9e1-3c46-4a20-89de-eee32bb84b27","ts":"2025-03-15T13:30:51.097+07:00","source":{"id":"0","name":"eventBus"}}
{"__type":"$$EventMessageNode","id":"72694e23-5938-4c6a-ac94-59ac0b082428","ts":"2025-03-15T13:30:51.097+07:00","eventName":"n8n.node.started","message":"n8n.node.started","payload":{"workflowId":"H1owuDGi3X4782Tj","workflowName":"My workflow","executionId":"585","nodeType":"n8n-nodes-base.scheduleTrigger","nodeName":"Schedule Trigger1"}}
{"__type":"$$EventMessageConfirm","confirm":"72694e23-5938-4c6a-ac94-59ac0b082428","ts":"2025-03-15T13:30:51.097+07:00","source":{"id":"0","name":"eventBus"}}
{"__type":"$$EventMessageNode","id":"7cc48fd9-7410-4104-b9d8-12525185120f","ts":"2025-03-15T13:30:51.098+07:00","eventName":"n8n.node.finished","message":"n8n.node.finished","payload":{"workflowId":"H1owuDGi3X4782Tj","workflowName":"My workflow","executionId":"585","nodeType":"n8n-nodes-base.scheduleTrigger","nodeName":"Schedule Trigger1"}}
{"__type":"$$EventMessageConfirm","confirm":"7cc48fd9-7410-4104-b9d8-12525185120f","ts":"2025-03-15T13:30:51.098+07:00","source":{"id":"0","name":"eventBus"}}
{"__type":"$$EventMessageNode","id":"89dd95d2-67a9-41f9-b06a-b406a5337ab6","ts":"2025-03-15T13:30:51.098+07:00","eventName":"n8n.node.started","message":"n8n.node.started","payload":{"workflowId":"H1owuDGi3X4782Tj","workflowName":"My workflow","executionId":"585","nodeType":"n8n-nodes-base.httpRequest","nodeName":"HTTP Request2"}}
{"__type":"$$EventMessageConfirm","confirm":"89dd95d2-67a9-41f9-b06a-b406a5337ab6","ts":"2025-03-15T13:30:51.099+07:00","source":{"id":"0","name":"eventBus"}}
{"__type":"$$EventMessageNode","id":"9533bbb1-9c57-4974-b6e8-74d85445cd31","ts":"2025-03-15T13:30:51.111+07:00","eventName":"n8n.node.finished","message":"n8n.node.finished","payload":{"workflowId":"H1owuDGi3X4782Tj","workflowName":"My workflow","executionId":"585","nodeType":"n8n-nodes-base.httpRequest","nodeName":"HTTP Request2"}}
{"__type":"$$EventMessageConfirm","confirm":"9533bbb1-9c57-4974-b6e8-74d85445cd31","ts":"2025-03-15T13:30:51.112+07:00","source":{"id":"0","name":"eventBus"}}
{"__type":"$$EventMessageWorkflow","id":"fa0a8ef7-676e-4d1f-956a-b31ef08a64af","ts":"2025-03-15T13:30:51.112+07:00","eventName":"n8n.workflow.failed","message":"n8n.workflow.failed","payload":{"executionId":"585","success":false,"isManual":false,"workflowId":"H1owuDGi3X4782Tj","workflowName":"My workflow","lastNodeExecuted":"HTTP Request2","errorMessage":"Cannot read properties of undefined (reading 'data')"}}
{"__type":"$$EventMessageConfirm","confirm":"fa0a8ef7-676e-4d1f-956a-b31ef08a64af","ts":"2025-03-15T13:30:51.112+07:00","source":{"id":"0","name":"eventBus"}}
{"__type":"$$EventMessageWorkflow","id":"5cc5fac0-fe50-4e7b-b318-6e5c7e8d667d","ts":"2025-03-15T13:32:51.094+07:00","eventName":"n8n.workflow.started","message":"n8n.workflow.started","payload":{"executionId":"586","workflowId":"H1owuDGi3X4782Tj","isManual":false,"workflowName":"My workflow"}}
{"__type":"$$EventMessageConfirm","confirm":"5cc5fac0-fe50-4e7b-b318-6e5c7e8d667d","ts":"2025-03-15T13:32:51.094+07:00","source":{"id":"0","name":"eventBus"}}
{"__type":"$$EventMessageNode","id":"f3d23720-e44a-4f3e-b746-6d558b823508","ts":"2025-03-15T13:32:51.094+07:00","eventName":"n8n.node.started","message":"n8n.node.started","payload":{"workflowId":"H1owuDGi3X4782Tj","workflowName":"My workflow","executionId":"586","nodeType":"n8n-nodes-base.scheduleTrigger","nodeName":"Schedule Trigger1"}}
{"__type":"$$EventMessageConfirm","confirm":"f3d23720-e44a-4f3e-b746-6d558b823508","ts":"2025-03-15T13:32:51.094+07:00","source":{"id":"0","name":"eventBus"}}
{"__type":"$$EventMessageNode","id":"a6b646e0-8483-493f-a8dd-c7f5a5aeeeb5","ts":"2025-03-15T13:32:51.094+07:00","eventName":"n8n.node.finished","message":"n8n.node.finished","payload":{"workflowId":"H1owuDGi3X4782Tj","workflowName":"My workflow","executionId":"586","nodeType":"n8n-nodes-base.scheduleTrigger","nodeName":"Schedule Trigger1"}}
{"__type":"$$EventMessageConfirm","confirm":"a6b646e0-8483-493f-a8dd-c7f5a5aeeeb5","ts":"2025-03-15T13:32:51.094+07:00","source":{"id":"0","name":"eventBus"}}
{"__type":"$$EventMessageNode","id":"e61dcce8-ba52-4a22-b180-0e33607c7a6a","ts":"2025-03-15T13:32:51.094+07:00","eventName":"n8n.node.started","message":"n8n.node.started","payload":{"workflowId":"H1owuDGi3X4782Tj","workflowName":"My workflow","executionId":"586","nodeType":"n8n-nodes-base.httpRequest","nodeName":"HTTP Request2"}}
{"__type":"$$EventMessageConfirm","confirm":"e61dcce8-ba52-4a22-b180-0e33607c7a6a","ts":"2025-03-15T13:32:51.094+07:00","source":{"id":"0","name":"eventBus"}}
{"__type":"$$EventMessageNode","id":"0ee7537e-53ab-4ccc-8a1a-4a35778f4233","ts":"2025-03-15T13:32:51.109+07:00","eventName":"n8n.node.finished","message":"n8n.node.finished","payload":{"workflowId":"H1owuDGi3X4782Tj","workflowName":"My workflow","executionId":"586","nodeType":"n8n-nodes-base.httpRequest","nodeName":"HTTP Request2"}}
{"__type":"$$EventMessageConfirm","confirm":"0ee7537e-53ab-4ccc-8a1a-4a35778f4233","ts":"2025-03-15T13:32:51.109+07:00","source":{"id":"0","name":"eventBus"}}
{"__type":"$$EventMessageWorkflow","id":"794e4f23-50e1-406b-80d8-bd5eb8e77e19","ts":"2025-03-15T13:32:51.109+07:00","eventName":"n8n.workflow.failed","message":"n8n.workflow.failed","payload":{"executionId":"586","success":false,"isManual":false,"workflowId":"H1owuDGi3X4782Tj","workflowName":"My workflow","lastNodeExecuted":"HTTP Request2","errorMessage":"Cannot read properties of undefined (reading 'data')"}}
{"__type":"$$EventMessageConfirm","confirm":"794e4f23-50e1-406b-80d8-bd5eb8e77e19","ts":"2025-03-15T13:32:51.109+07:00","source":{"id":"0","name":"eventBus"}}
{"__type":"$$EventMessageWorkflow","id":"0f1448bf-054c-40c4-9be7-129f494eacca","ts":"2025-03-15T13:34:51.116+07:00","eventName":"n8n.workflow.started","message":"n8n.workflow.started","payload":{"executionId":"587","workflowId":"H1owuDGi3X4782Tj","isManual":false,"workflowName":"My workflow"}}
{"__type":"$$EventMessageConfirm","confirm":"0f1448bf-054c-40c4-9be7-129f494eacca","ts":"2025-03-15T13:34:51.117+07:00","source":{"id":"0","name":"eventBus"}}
{"__type":"$$EventMessageNode","id":"d3338c4a-e9b6-485c-a1d9-562007b2e037","ts":"2025-03-15T13:34:51.117+07:00","eventName":"n8n.node.started","message":"n8n.node.started","payload":{"workflowId":"H1owuDGi3X4782Tj","workflowName":"My workflow","executionId":"587","nodeType":"n8n-nodes-base.scheduleTrigger","nodeName":"Schedule Trigger1"}}
{"__type":"$$EventMessageConfirm","confirm":"d3338c4a-e9b6-485c-a1d9-562007b2e037","ts":"2025-03-15T13:34:51.117+07:00","source":{"id":"0","name":"eventBus"}}
{"__type":"$$EventMessageNode","id":"9d9f6d22-3d30-48d4-84d3-9efcdb2f9562","ts":"2025-03-15T13:34:51.117+07:00","eventName":"n8n.node.finished","message":"n8n.node.finished","payload":{"workflowId":"H1owuDGi3X4782Tj","workflowName":"My workflow","executionId":"587","nodeType":"n8n-nodes-base.scheduleTrigger","nodeName":"Schedule Trigger1"}}
{"__type":"$$EventMessageConfirm","confirm":"9d9f6d22-3d30-48d4-84d3-9efcdb2f9562","ts":"2025-03-15T13:34:51.118+07:00","source":{"id":"0","name":"eventBus"}}
{"__type":"$$EventMessageNode","id":"87b34bac-d81e-41d0-84fa-82f65865090b","ts":"2025-03-15T13:34:51.118+07:00","eventName":"n8n.node.started","message":"n8n.node.started","payload":{"workflowId":"H1owuDGi3X4782Tj","workflowName":"My workflow","executionId":"587","nodeType":"n8n-nodes-base.httpRequest","nodeName":"HTTP Request2"}}
{"__type":"$$EventMessageConfirm","confirm":"87b34bac-d81e-41d0-84fa-82f65865090b","ts":"2025-03-15T13:34:51.118+07:00","source":{"id":"0","name":"eventBus"}}
{"__type":"$$EventMessageNode","id":"692564d1-9adb-4dcf-ba03-c18481b8c2f0","ts":"2025-03-15T13:34:51.142+07:00","eventName":"n8n.node.finished","message":"n8n.node.finished","payload":{"workflowId":"H1owuDGi3X4782Tj","workflowName":"My workflow","executionId":"587","nodeType":"n8n-nodes-base.httpRequest","nodeName":"HTTP Request2"}}
{"__type":"$$EventMessageConfirm","confirm":"692564d1-9adb-4dcf-ba03-c18481b8c2f0","ts":"2025-03-15T13:34:51.143+07:00","source":{"id":"0","name":"eventBus"}}
{"__type":"$$EventMessageWorkflow","id":"a4fa1793-db78-44e9-b0cf-310b94a91623","ts":"2025-03-15T13:34:51.143+07:00","eventName":"n8n.workflow.failed","message":"n8n.workflow.failed","payload":{"executionId":"587","success":false,"isManual":false,"workflowId":"H1owuDGi3X4782Tj","workflowName":"My workflow","lastNodeExecuted":"HTTP Request2","errorMessage":"Cannot read properties of undefined (reading 'data')"}}
{"__type":"$$EventMessageConfirm","confirm":"a4fa1793-db78-44e9-b0cf-310b94a91623","ts":"2025-03-15T13:34:51.143+07:00","source":{"id":"0","name":"eventBus"}}
{"__type":"$$EventMessageWorkflow","id":"013e653d-9633-4a64-b33f-f600e28dbbaa","ts":"2025-03-15T13:36:51.091+07:00","eventName":"n8n.workflow.started","message":"n8n.workflow.started","payload":{"executionId":"588","workflowId":"H1owuDGi3X4782Tj","isManual":false,"workflowName":"My workflow"}}
{"__type":"$$EventMessageConfirm","confirm":"013e653d-9633-4a64-b33f-f600e28dbbaa","ts":"2025-03-15T13:36:51.091+07:00","source":{"id":"0","name":"eventBus"}}
{"__type":"$$EventMessageNode","id":"6a7c152f-c353-4102-a80c-56d615e3bbd5","ts":"2025-03-15T13:36:51.091+07:00","eventName":"n8n.node.started","message":"n8n.node.started","payload":{"workflowId":"H1owuDGi3X4782Tj","workflowName":"My workflow","executionId":"588","nodeType":"n8n-nodes-base.scheduleTrigger","nodeName":"Schedule Trigger1"}}
{"__type":"$$EventMessageConfirm","confirm":"6a7c152f-c353-4102-a80c-56d615e3bbd5","ts":"2025-03-15T13:36:51.091+07:00","source":{"id":"0","name":"eventBus"}}
{"__type":"$$EventMessageNode","id":"9e06f859-30e7-49c4-b6dd-90a346bd6ad0","ts":"2025-03-15T13:36:51.091+07:00","eventName":"n8n.node.finished","message":"n8n.node.finished","payload":{"workflowId":"H1owuDGi3X4782Tj","workflowName":"My workflow","executionId":"588","nodeType":"n8n-nodes-base.scheduleTrigger","nodeName":"Schedule Trigger1"}}
{"__type":"$$EventMessageConfirm","confirm":"9e06f859-30e7-49c4-b6dd-90a346bd6ad0","ts":"2025-03-15T13:36:51.091+07:00","source":{"id":"0","name":"eventBus"}}
{"__type":"$$EventMessageNode","id":"5bb42f62-1ca7-450f-8b72-21b3aefeecfa","ts":"2025-03-15T13:36:51.091+07:00","eventName":"n8n.node.started","message":"n8n.node.started","payload":{"workflowId":"H1owuDGi3X4782Tj","workflowName":"My workflow","executionId":"588","nodeType":"n8n-nodes-base.httpRequest","nodeName":"HTTP Request2"}}
{"__type":"$$EventMessageConfirm","confirm":"5bb42f62-1ca7-450f-8b72-21b3aefeecfa","ts":"2025-03-15T13:36:51.091+07:00","source":{"id":"0","name":"eventBus"}}
{"__type":"$$EventMessageNode","id":"dbc9e0f5-8123-43f0-962f-de8abfa546cf","ts":"2025-03-15T13:36:51.106+07:00","eventName":"n8n.node.finished","message":"n8n.node.finished","payload":{"workflowId":"H1owuDGi3X4782Tj","workflowName":"My workflow","executionId":"588","nodeType":"n8n-nodes-base.httpRequest","nodeName":"HTTP Request2"}}
{"__type":"$$EventMessageConfirm","confirm":"dbc9e0f5-8123-43f0-962f-de8abfa546cf","ts":"2025-03-15T13:36:51.106+07:00","source":{"id":"0","name":"eventBus"}}
{"__type":"$$EventMessageWorkflow","id":"2bde99ba-178c-4222-bf3f-62a45293ddfb","ts":"2025-03-15T13:36:51.106+07:00","eventName":"n8n.workflow.failed","message":"n8n.workflow.failed","payload":{"executionId":"588","success":false,"isManual":false,"workflowId":"H1owuDGi3X4782Tj","workflowName":"My workflow","lastNodeExecuted":"HTTP Request2","errorMessage":"Cannot read properties of undefined (reading 'data')"}}
{"__type":"$$EventMessageConfirm","confirm":"2bde99ba-178c-4222-bf3f-62a45293ddfb","ts":"2025-03-15T13:36:51.106+07:00","source":{"id":"0","name":"eventBus"}}
{"__type":"$$EventMessageWorkflow","id":"51ddc16d-fa4f-42d1-bc1f-f9369dcc6a86","ts":"2025-03-15T13:38:51.095+07:00","eventName":"n8n.workflow.started","message":"n8n.workflow.started","payload":{"executionId":"589","workflowId":"H1owuDGi3X4782Tj","isManual":false,"workflowName":"My workflow"}}
{"__type":"$$EventMessageConfirm","confirm":"51ddc16d-fa4f-42d1-bc1f-f9369dcc6a86","ts":"2025-03-15T13:38:51.095+07:00","source":{"id":"0","name":"eventBus"}}
{"__type":"$$EventMessageNode","id":"8eebf582-1972-4b12-94ee-6ee81401c14e","ts":"2025-03-15T13:38:51.095+07:00","eventName":"n8n.node.started","message":"n8n.node.started","payload":{"workflowId":"H1owuDGi3X4782Tj","workflowName":"My workflow","executionId":"589","nodeType":"n8n-nodes-base.scheduleTrigger","nodeName":"Schedule Trigger1"}}
{"__type":"$$EventMessageConfirm","confirm":"8eebf582-1972-4b12-94ee-6ee81401c14e","ts":"2025-03-15T13:38:51.095+07:00","source":{"id":"0","name":"eventBus"}}
{"__type":"$$EventMessageNode","id":"95b19af0-994d-4509-b4d7-206f7c118780","ts":"2025-03-15T13:38:51.095+07:00","eventName":"n8n.node.finished","message":"n8n.node.finished","payload":{"workflowId":"H1owuDGi3X4782Tj","workflowName":"My workflow","executionId":"589","nodeType":"n8n-nodes-base.scheduleTrigger","nodeName":"Schedule Trigger1"}}
{"__type":"$$EventMessageConfirm","confirm":"95b19af0-994d-4509-b4d7-206f7c118780","ts":"2025-03-15T13:38:51.095+07:00","source":{"id":"0","name":"eventBus"}}
{"__type":"$$EventMessageNode","id":"94a1f2f0-cd93-476b-88e1-1727e493e8d6","ts":"2025-03-15T13:38:51.095+07:00","eventName":"n8n.node.started","message":"n8n.node.started","payload":{"workflowId":"H1owuDGi3X4782Tj","workflowName":"My workflow","executionId":"589","nodeType":"n8n-nodes-base.httpRequest","nodeName":"HTTP Request2"}}
{"__type":"$$EventMessageConfirm","confirm":"94a1f2f0-cd93-476b-88e1-1727e493e8d6","ts":"2025-03-15T13:38:51.095+07:00","source":{"id":"0","name":"eventBus"}}
{"__type":"$$EventMessageNode","id":"a454f485-8ff3-4e3b-bd0f-d7dcbcb5f5f7","ts":"2025-03-15T13:38:51.113+07:00","eventName":"n8n.node.finished","message":"n8n.node.finished","payload":{"workflowId":"H1owuDGi3X4782Tj","workflowName":"My workflow","executionId":"589","nodeType":"n8n-nodes-base.httpRequest","nodeName":"HTTP Request2"}}
{"__type":"$$EventMessageConfirm","confirm":"a454f485-8ff3-4e3b-bd0f-d7dcbcb5f5f7","ts":"2025-03-15T13:38:51.113+07:00","source":{"id":"0","name":"eventBus"}}
{"__type":"$$EventMessageWorkflow","id":"6d6516d4-2e18-4b30-83ac-37d4106cdbfd","ts":"2025-03-15T13:38:51.113+07:00","eventName":"n8n.workflow.failed","message":"n8n.workflow.failed","payload":{"executionId":"589","success":false,"isManual":false,"workflowId":"H1owuDGi3X4782Tj","workflowName":"My workflow","lastNodeExecuted":"HTTP Request2","errorMessage":"Cannot read properties of undefined (reading 'data')"}}
{"__type":"$$EventMessageConfirm","confirm":"6d6516d4-2e18-4b30-83ac-37d4106cdbfd","ts":"2025-03-15T13:38:51.113+07:00","source":{"id":"0","name":"eventBus"}}
{"__type":"$$EventMessageWorkflow","id":"0d85b9c6-819c-4364-9827-f6f5519d78e3","ts":"2025-03-15T13:40:51.091+07:00","eventName":"n8n.workflow.started","message":"n8n.workflow.started","payload":{"executionId":"590","workflowId":"H1owuDGi3X4782Tj","isManual":false,"workflowName":"My workflow"}}
{"__type":"$$EventMessageConfirm","confirm":"0d85b9c6-819c-4364-9827-f6f5519d78e3","ts":"2025-03-15T13:40:51.091+07:00","source":{"id":"0","name":"eventBus"}}
{"__type":"$$EventMessageNode","id":"97ec91f2-d6c3-4de4-b86e-4fd895cbbd5f","ts":"2025-03-15T13:40:51.092+07:00","eventName":"n8n.node.started","message":"n8n.node.started","payload":{"workflowId":"H1owuDGi3X4782Tj","workflowName":"My workflow","executionId":"590","nodeType":"n8n-nodes-base.scheduleTrigger","nodeName":"Schedule Trigger1"}}
{"__type":"$$EventMessageConfirm","confirm":"97ec91f2-d6c3-4de4-b86e-4fd895cbbd5f","ts":"2025-03-15T13:40:51.092+07:00","source":{"id":"0","name":"eventBus"}}
{"__type":"$$EventMessageNode","id":"e02f40a1-1900-404d-9a55-ff8f0a9d7c34","ts":"2025-03-15T13:40:51.092+07:00","eventName":"n8n.node.finished","message":"n8n.node.finished","payload":{"workflowId":"H1owuDGi3X4782Tj","workflowName":"My workflow","executionId":"590","nodeType":"n8n-nodes-base.scheduleTrigger","nodeName":"Schedule Trigger1"}}
{"__type":"$$EventMessageConfirm","confirm":"e02f40a1-1900-404d-9a55-ff8f0a9d7c34","ts":"2025-03-15T13:40:51.092+07:00","source":{"id":"0","name":"eventBus"}}
{"__type":"$$EventMessageNode","id":"25697022-2973-4c5f-a90c-6b1ce8e3e3e9","ts":"2025-03-15T13:40:51.092+07:00","eventName":"n8n.node.started","message":"n8n.node.started","payload":{"workflowId":"H1owuDGi3X4782Tj","workflowName":"My workflow","executionId":"590","nodeType":"n8n-nodes-base.httpRequest","nodeName":"HTTP Request2"}}
{"__type":"$$EventMessageConfirm","confirm":"25697022-2973-4c5f-a90c-6b1ce8e3e3e9","ts":"2025-03-15T13:40:51.092+07:00","source":{"id":"0","name":"eventBus"}}
{"__type":"$$EventMessageNode","id":"f2e34111-eed0-45ec-b523-6aafd8cc3be1","ts":"2025-03-15T13:40:51.105+07:00","eventName":"n8n.node.finished","message":"n8n.node.finished","payload":{"workflowId":"H1owuDGi3X4782Tj","workflowName":"My workflow","executionId":"590","nodeType":"n8n-nodes-base.httpRequest","nodeName":"HTTP Request2"}}
{"__type":"$$EventMessageConfirm","confirm":"f2e34111-eed0-45ec-b523-6aafd8cc3be1","ts":"2025-03-15T13:40:51.105+07:00","source":{"id":"0","name":"eventBus"}}
{"__type":"$$EventMessageWorkflow","id":"f38961f3-7420-4723-83b6-ded5b6730a48","ts":"2025-03-15T13:40:51.105+07:00","eventName":"n8n.workflow.failed","message":"n8n.workflow.failed","payload":{"executionId":"590","success":false,"isManual":false,"workflowId":"H1owuDGi3X4782Tj","workflowName":"My workflow","lastNodeExecuted":"HTTP Request2","errorMessage":"Cannot read properties of undefined (reading 'data')"}}
{"__type":"$$EventMessageConfirm","confirm":"f38961f3-7420-4723-83b6-ded5b6730a48","ts":"2025-03-15T13:40:51.105+07:00","source":{"id":"0","name":"eventBus"}}
{"__type":"$$EventMessageWorkflow","id":"ba9826bc-de65-4042-a437-65b7bf5eeb04","ts":"2025-03-15T13:42:51.097+07:00","eventName":"n8n.workflow.started","message":"n8n.workflow.started","payload":{"executionId":"591","workflowId":"H1owuDGi3X4782Tj","isManual":false,"workflowName":"My workflow"}}
{"__type":"$$EventMessageConfirm","confirm":"ba9826bc-de65-4042-a437-65b7bf5eeb04","ts":"2025-03-15T13:42:51.097+07:00","source":{"id":"0","name":"eventBus"}}
{"__type":"$$EventMessageNode","id":"bd76de4a-1b0b-4f15-8f61-7d124bcf8c9b","ts":"2025-03-15T13:42:51.097+07:00","eventName":"n8n.node.started","message":"n8n.node.started","payload":{"workflowId":"H1owuDGi3X4782Tj","workflowName":"My workflow","executionId":"591","nodeType":"n8n-nodes-base.scheduleTrigger","nodeName":"Schedule Trigger1"}}
{"__type":"$$EventMessageConfirm","confirm":"bd76de4a-1b0b-4f15-8f61-7d124bcf8c9b","ts":"2025-03-15T13:42:51.098+07:00","source":{"id":"0","name":"eventBus"}}
{"__type":"$$EventMessageNode","id":"fb05ef43-7eaa-48f9-8d1d-7eacbe250846","ts":"2025-03-15T13:42:51.098+07:00","eventName":"n8n.node.finished","message":"n8n.node.finished","payload":{"workflowId":"H1owuDGi3X4782Tj","workflowName":"My workflow","executionId":"591","nodeType":"n8n-nodes-base.scheduleTrigger","nodeName":"Schedule Trigger1"}}
{"__type":"$$EventMessageConfirm","confirm":"fb05ef43-7eaa-48f9-8d1d-7eacbe250846","ts":"2025-03-15T13:42:51.098+07:00","source":{"id":"0","name":"eventBus"}}
{"__type":"$$EventMessageNode","id":"80306fc6-e605-4364-8541-9c3ed99a17a0","ts":"2025-03-15T13:42:51.098+07:00","eventName":"n8n.node.started","message":"n8n.node.started","payload":{"workflowId":"H1owuDGi3X4782Tj","workflowName":"My workflow","executionId":"591","nodeType":"n8n-nodes-base.httpRequest","nodeName":"HTTP Request2"}}
{"__type":"$$EventMessageConfirm","confirm":"80306fc6-e605-4364-8541-9c3ed99a17a0","ts":"2025-03-15T13:42:51.098+07:00","source":{"id":"0","name":"eventBus"}}
{"__type":"$$EventMessageNode","id":"281029a6-4a7a-4f79-8af5-005bed52592e","ts":"2025-03-15T13:42:51.115+07:00","eventName":"n8n.node.finished","message":"n8n.node.finished","payload":{"workflowId":"H1owuDGi3X4782Tj","workflowName":"My workflow","executionId":"591","nodeType":"n8n-nodes-base.httpRequest","nodeName":"HTTP Request2"}}
{"__type":"$$EventMessageConfirm","confirm":"281029a6-4a7a-4f79-8af5-005bed52592e","ts":"2025-03-15T13:42:51.115+07:00","source":{"id":"0","name":"eventBus"}}
{"__type":"$$EventMessageWorkflow","id":"e6abd584-6145-450c-a7d7-09f2448ed332","ts":"2025-03-15T13:42:51.115+07:00","eventName":"n8n.workflow.failed","message":"n8n.workflow.failed","payload":{"executionId":"591","success":false,"isManual":false,"workflowId":"H1owuDGi3X4782Tj","workflowName":"My workflow","lastNodeExecuted":"HTTP Request2","errorMessage":"Cannot read properties of undefined (reading 'data')"}}
{"__type":"$$EventMessageConfirm","confirm":"e6abd584-6145-450c-a7d7-09f2448ed332","ts":"2025-03-15T13:42:51.115+07:00","source":{"id":"0","name":"eventBus"}}
{"__type":"$$EventMessageWorkflow","id":"25d42a46-7a0f-47db-ac04-f70c0c6eef64","ts":"2025-03-15T13:44:51.090+07:00","eventName":"n8n.workflow.started","message":"n8n.workflow.started","payload":{"executionId":"592","workflowId":"H1owuDGi3X4782Tj","isManual":false,"workflowName":"My workflow"}}
{"__type":"$$EventMessageConfirm","confirm":"25d42a46-7a0f-47db-ac04-f70c0c6eef64","ts":"2025-03-15T13:44:51.090+07:00","source":{"id":"0","name":"eventBus"}}
{"__type":"$$EventMessageNode","id":"ec2473b5-64c8-4853-84ee-a31f5b276a6f","ts":"2025-03-15T13:44:51.091+07:00","eventName":"n8n.node.started","message":"n8n.node.started","payload":{"workflowId":"H1owuDGi3X4782Tj","workflowName":"My workflow","executionId":"592","nodeType":"n8n-nodes-base.scheduleTrigger","nodeName":"Schedule Trigger1"}}
{"__type":"$$EventMessageConfirm","confirm":"ec2473b5-64c8-4853-84ee-a31f5b276a6f","ts":"2025-03-15T13:44:51.091+07:00","source":{"id":"0","name":"eventBus"}}
{"__type":"$$EventMessageNode","id":"6b76375e-5c41-47c8-ad39-6cefb3be4379","ts":"2025-03-15T13:44:51.091+07:00","eventName":"n8n.node.finished","message":"n8n.node.finished","payload":{"workflowId":"H1owuDGi3X4782Tj","workflowName":"My workflow","executionId":"592","nodeType":"n8n-nodes-base.scheduleTrigger","nodeName":"Schedule Trigger1"}}
{"__type":"$$EventMessageConfirm","confirm":"6b76375e-5c41-47c8-ad39-6cefb3be4379","ts":"2025-03-15T13:44:51.091+07:00","source":{"id":"0","name":"eventBus"}}
{"__type":"$$EventMessageNode","id":"0282818f-30f6-41c4-940f-caef54f3673c","ts":"2025-03-15T13:44:51.091+07:00","eventName":"n8n.node.started","message":"n8n.node.started","payload":{"workflowId":"H1owuDGi3X4782Tj","workflowName":"My workflow","executionId":"592","nodeType":"n8n-nodes-base.httpRequest","nodeName":"HTTP Request2"}}
{"__type":"$$EventMessageConfirm","confirm":"0282818f-30f6-41c4-940f-caef54f3673c","ts":"2025-03-15T13:44:51.091+07:00","source":{"id":"0","name":"eventBus"}}
{"__type":"$$EventMessageNode","id":"bb87bf09-d5ba-407a-a7f2-e49bbf8e8ac3","ts":"2025-03-15T13:44:51.107+07:00","eventName":"n8n.node.finished","message":"n8n.node.finished","payload":{"workflowId":"H1owuDGi3X4782Tj","workflowName":"My workflow","executionId":"592","nodeType":"n8n-nodes-base.httpRequest","nodeName":"HTTP Request2"}}
{"__type":"$$EventMessageConfirm","confirm":"bb87bf09-d5ba-407a-a7f2-e49bbf8e8ac3","ts":"2025-03-15T13:44:51.107+07:00","source":{"id":"0","name":"eventBus"}}
{"__type":"$$EventMessageWorkflow","id":"70628b97-bd1d-4edc-a633-fe2786ac5412","ts":"2025-03-15T13:44:51.107+07:00","eventName":"n8n.workflow.failed","message":"n8n.workflow.failed","payload":{"executionId":"592","success":false,"isManual":false,"workflowId":"H1owuDGi3X4782Tj","workflowName":"My workflow","lastNodeExecuted":"HTTP Request2","errorMessage":"Cannot read properties of undefined (reading 'data')"}}
{"__type":"$$EventMessageConfirm","confirm":"70628b97-bd1d-4edc-a633-fe2786ac5412","ts":"2025-03-15T13:44:51.107+07:00","source":{"id":"0","name":"eventBus"}}
{"__type":"$$EventMessageWorkflow","id":"f95ef76f-3aa9-44fc-a893-706a18dbdb97","ts":"2025-03-15T13:46:51.092+07:00","eventName":"n8n.workflow.started","message":"n8n.workflow.started","payload":{"executionId":"593","workflowId":"H1owuDGi3X4782Tj","isManual":false,"workflowName":"My workflow"}}
{"__type":"$$EventMessageConfirm","confirm":"f95ef76f-3aa9-44fc-a893-706a18dbdb97","ts":"2025-03-15T13:46:51.092+07:00","source":{"id":"0","name":"eventBus"}}
{"__type":"$$EventMessageNode","id":"97d48d17-5fc0-45a2-8187-8959e8fbf81c","ts":"2025-03-15T13:46:51.092+07:00","eventName":"n8n.node.started","message":"n8n.node.started","payload":{"workflowId":"H1owuDGi3X4782Tj","workflowName":"My workflow","executionId":"593","nodeType":"n8n-nodes-base.scheduleTrigger","nodeName":"Schedule Trigger1"}}
{"__type":"$$EventMessageConfirm","confirm":"97d48d17-5fc0-45a2-8187-8959e8fbf81c","ts":"2025-03-15T13:46:51.092+07:00","source":{"id":"0","name":"eventBus"}}
{"__type":"$$EventMessageNode","id":"d00d3cad-f245-4b16-abbb-3a5d154d8004","ts":"2025-03-15T13:46:51.092+07:00","eventName":"n8n.node.finished","message":"n8n.node.finished","payload":{"workflowId":"H1owuDGi3X4782Tj","workflowName":"My workflow","executionId":"593","nodeType":"n8n-nodes-base.scheduleTrigger","nodeName":"Schedule Trigger1"}}
{"__type":"$$EventMessageConfirm","confirm":"d00d3cad-f245-4b16-abbb-3a5d154d8004","ts":"2025-03-15T13:46:51.093+07:00","source":{"id":"0","name":"eventBus"}}
{"__type":"$$EventMessageNode","id":"90325ec3-03cd-4e77-91c6-07a10c219d29","ts":"2025-03-15T13:46:51.093+07:00","eventName":"n8n.node.started","message":"n8n.node.started","payload":{"workflowId":"H1owuDGi3X4782Tj","workflowName":"My workflow","executionId":"593","nodeType":"n8n-nodes-base.httpRequest","nodeName":"HTTP Request2"}}
{"__type":"$$EventMessageConfirm","confirm":"90325ec3-03cd-4e77-91c6-07a10c219d29","ts":"2025-03-15T13:46:51.093+07:00","source":{"id":"0","name":"eventBus"}}
{"__type":"$$EventMessageNode","id":"186db921-f6b1-4895-9e23-71aaf5fde915","ts":"2025-03-15T13:46:51.108+07:00","eventName":"n8n.node.finished","message":"n8n.node.finished","payload":{"workflowId":"H1owuDGi3X4782Tj","workflowName":"My workflow","executionId":"593","nodeType":"n8n-nodes-base.httpRequest","nodeName":"HTTP Request2"}}
{"__type":"$$EventMessageConfirm","confirm":"186db921-f6b1-4895-9e23-71aaf5fde915","ts":"2025-03-15T13:46:51.108+07:00","source":{"id":"0","name":"eventBus"}}
{"__type":"$$EventMessageWorkflow","id":"07ef2bf0-54d5-4e55-b56a-de94dc8d81c7","ts":"2025-03-15T13:46:51.108+07:00","eventName":"n8n.workflow.failed","message":"n8n.workflow.failed","payload":{"executionId":"593","success":false,"isManual":false,"workflowId":"H1owuDGi3X4782Tj","workflowName":"My workflow","lastNodeExecuted":"HTTP Request2","errorMessage":"Cannot read properties of undefined (reading 'data')"}}
{"__type":"$$EventMessageConfirm","confirm":"07ef2bf0-54d5-4e55-b56a-de94dc8d81c7","ts":"2025-03-15T13:46:51.108+07:00","source":{"id":"0","name":"eventBus"}}
{"__type":"$$EventMessageWorkflow","id":"87131589-916f-4e6c-bac9-154435608457","ts":"2025-03-15T13:48:51.100+07:00","eventName":"n8n.workflow.started","message":"n8n.workflow.started","payload":{"executionId":"594","workflowId":"H1owuDGi3X4782Tj","isManual":false,"workflowName":"My workflow"}}
{"__type":"$$EventMessageConfirm","confirm":"87131589-916f-4e6c-bac9-154435608457","ts":"2025-03-15T13:48:51.100+07:00","source":{"id":"0","name":"eventBus"}}
{"__type":"$$EventMessageNode","id":"1ff73b38-514f-4919-a972-2c20d99eabca","ts":"2025-03-15T13:48:51.100+07:00","eventName":"n8n.node.started","message":"n8n.node.started","payload":{"workflowId":"H1owuDGi3X4782Tj","workflowName":"My workflow","executionId":"594","nodeType":"n8n-nodes-base.scheduleTrigger","nodeName":"Schedule Trigger1"}}
{"__type":"$$EventMessageConfirm","confirm":"1ff73b38-514f-4919-a972-2c20d99eabca","ts":"2025-03-15T13:48:51.100+07:00","source":{"id":"0","name":"eventBus"}}
{"__type":"$$EventMessageNode","id":"64e70201-a941-42c1-8185-9b00f70b4cfe","ts":"2025-03-15T13:48:51.100+07:00","eventName":"n8n.node.finished","message":"n8n.node.finished","payload":{"workflowId":"H1owuDGi3X4782Tj","workflowName":"My workflow","executionId":"594","nodeType":"n8n-nodes-base.scheduleTrigger","nodeName":"Schedule Trigger1"}}
{"__type":"$$EventMessageConfirm","confirm":"64e70201-a941-42c1-8185-9b00f70b4cfe","ts":"2025-03-15T13:48:51.100+07:00","source":{"id":"0","name":"eventBus"}}
{"__type":"$$EventMessageNode","id":"016dee74-2371-4bc0-8ed4-a2646dd7cd61","ts":"2025-03-15T13:48:51.101+07:00","eventName":"n8n.node.started","message":"n8n.node.started","payload":{"workflowId":"H1owuDGi3X4782Tj","workflowName":"My workflow","executionId":"594","nodeType":"n8n-nodes-base.httpRequest","nodeName":"HTTP Request2"}}
{"__type":"$$EventMessageConfirm","confirm":"016dee74-2371-4bc0-8ed4-a2646dd7cd61","ts":"2025-03-15T13:48:51.101+07:00","source":{"id":"0","name":"eventBus"}}
{"__type":"$$EventMessageNode","id":"17903cfe-cc83-49da-b849-bd5a929f82cc","ts":"2025-03-15T13:48:51.116+07:00","eventName":"n8n.node.finished","message":"n8n.node.finished","payload":{"workflowId":"H1owuDGi3X4782Tj","workflowName":"My workflow","executionId":"594","nodeType":"n8n-nodes-base.httpRequest","nodeName":"HTTP Request2"}}
{"__type":"$$EventMessageConfirm","confirm":"17903cfe-cc83-49da-b849-bd5a929f82cc","ts":"2025-03-15T13:48:51.116+07:00","source":{"id":"0","name":"eventBus"}}
{"__type":"$$EventMessageWorkflow","id":"5887e75d-60de-4761-b58a-037373bf72e6","ts":"2025-03-15T13:48:51.116+07:00","eventName":"n8n.workflow.failed","message":"n8n.workflow.failed","payload":{"executionId":"594","success":false,"isManual":false,"workflowId":"H1owuDGi3X4782Tj","workflowName":"My workflow","lastNodeExecuted":"HTTP Request2","errorMessage":"Cannot read properties of undefined (reading 'data')"}}
{"__type":"$$EventMessageConfirm","confirm":"5887e75d-60de-4761-b58a-037373bf72e6","ts":"2025-03-15T13:48:51.116+07:00","source":{"id":"0","name":"eventBus"}}
{"__type":"$$EventMessageWorkflow","id":"cb431549-90b8-45d3-96e6-e0df38b7730a","ts":"2025-03-15T13:50:51.104+07:00","eventName":"n8n.workflow.started","message":"n8n.workflow.started","payload":{"executionId":"595","workflowId":"H1owuDGi3X4782Tj","isManual":false,"workflowName":"My workflow"}}
{"__type":"$$EventMessageConfirm","confirm":"cb431549-90b8-45d3-96e6-e0df38b7730a","ts":"2025-03-15T13:50:51.104+07:00","source":{"id":"0","name":"eventBus"}}
{"__type":"$$EventMessageNode","id":"ab3593db-44ac-4506-b49f-0e49b1827237","ts":"2025-03-15T13:50:51.104+07:00","eventName":"n8n.node.started","message":"n8n.node.started","payload":{"workflowId":"H1owuDGi3X4782Tj","workflowName":"My workflow","executionId":"595","nodeType":"n8n-nodes-base.scheduleTrigger","nodeName":"Schedule Trigger1"}}
{"__type":"$$EventMessageConfirm","confirm":"ab3593db-44ac-4506-b49f-0e49b1827237","ts":"2025-03-15T13:50:51.104+07:00","source":{"id":"0","name":"eventBus"}}
{"__type":"$$EventMessageNode","id":"9ad5be79-879a-4232-8170-7650cfbb2dcd","ts":"2025-03-15T13:50:51.104+07:00","eventName":"n8n.node.finished","message":"n8n.node.finished","payload":{"workflowId":"H1owuDGi3X4782Tj","workflowName":"My workflow","executionId":"595","nodeType":"n8n-nodes-base.scheduleTrigger","nodeName":"Schedule Trigger1"}}
{"__type":"$$EventMessageConfirm","confirm":"9ad5be79-879a-4232-8170-7650cfbb2dcd","ts":"2025-03-15T13:50:51.105+07:00","source":{"id":"0","name":"eventBus"}}
{"__type":"$$EventMessageNode","id":"ba94ec34-5520-49a5-9c1f-10202cff1fd5","ts":"2025-03-15T13:50:51.105+07:00","eventName":"n8n.node.started","message":"n8n.node.started","payload":{"workflowId":"H1owuDGi3X4782Tj","workflowName":"My workflow","executionId":"595","nodeType":"n8n-nodes-base.httpRequest","nodeName":"HTTP Request2"}}
{"__type":"$$EventMessageConfirm","confirm":"ba94ec34-5520-49a5-9c1f-10202cff1fd5","ts":"2025-03-15T13:50:51.105+07:00","source":{"id":"0","name":"eventBus"}}
{"__type":"$$EventMessageNode","id":"f1673b5e-dfd4-4d05-b042-404cc0a85654","ts":"2025-03-15T13:50:51.121+07:00","eventName":"n8n.node.finished","message":"n8n.node.finished","payload":{"workflowId":"H1owuDGi3X4782Tj","workflowName":"My workflow","executionId":"595","nodeType":"n8n-nodes-base.httpRequest","nodeName":"HTTP Request2"}}
{"__type":"$$EventMessageConfirm","confirm":"f1673b5e-dfd4-4d05-b042-404cc0a85654","ts":"2025-03-15T13:50:51.121+07:00","source":{"id":"0","name":"eventBus"}}
{"__type":"$$EventMessageWorkflow","id":"ff0dd767-7e29-425d-9981-018fe2f62d6e","ts":"2025-03-15T13:50:51.122+07:00","eventName":"n8n.workflow.failed","message":"n8n.workflow.failed","payload":{"executionId":"595","success":false,"isManual":false,"workflowId":"H1owuDGi3X4782Tj","workflowName":"My workflow","lastNodeExecuted":"HTTP Request2","errorMessage":"Cannot read properties of undefined (reading 'data')"}}
{"__type":"$$EventMessageConfirm","confirm":"ff0dd767-7e29-425d-9981-018fe2f62d6e","ts":"2025-03-15T13:50:51.122+07:00","source":{"id":"0","name":"eventBus"}}
